#
# There is insufficient memory for the Java Runtime Environment to continue.
# Native memory allocation (mmap) failed to map 266338304 bytes for G1 virtual space
# Possible reasons:
#   The system is out of physical RAM or swap space
#   The process is running with CompressedOops enabled, and the Java Heap may be blocking the growth of the native heap
# Possible solutions:
#   Reduce memory load on the system
#   Increase physical memory or swap space
#   Check if swap backing store is full
#   Decrease Java heap size (-Xmx/-Xms)
#   Decrease number of Java threads
#   Decrease Java thread stack sizes (-Xss)
#   Set larger code cache with -XX:ReservedCodeCacheSize=
#   JVM is running with Zero Based Compressed Oops mode in which the Java heap is
#     placed in the first 32GB address space. The Java Heap base address is the
#     maximum limit for the native heap growth. Please use -XX:HeapBaseMinAddress
#     to set the Java Heap base and to place the Java Heap above 32GB virtual address.
# This output file may be truncated or incomplete.
#
#  Out of Memory Error (os_windows.cpp:3541), pid=33776, tid=19348
#
# JRE version:  (17.0.4+8) (build )
# Java VM: OpenJDK 64-Bit Server VM (17.0.4+8-LTS, mixed mode, sharing, tiered, compressed oops, compressed class ptrs, g1 gc, windows-amd64)
# No core dump will be written. Minidumps are not enabled by default on client versions of Windows
#

---------------  S U M M A R Y ------------

Command Line: -agentlib:jdwp=transport=dt_socket,server=n,suspend=y,address=127.0.0.1:53991 -XX:TieredStopAtLevel=1 -Dfile.encoding=windows-1251 -Duser.country=RU -Duser.language=ru -Duser.variant com.github.gepi.libr.LibrApplication

Host: Intel(R) Core(TM) i5-8265U CPU @ 1.60GHz, 8 cores, 15G,  Windows 10 , 64 bit Build 19041 (10.0.19041.3636)
Time: Wed Mar 20 12:20:26 2024 RTZ 2 (s 10 , 64 bit Build 19041 (10.0.19041.3636) elapsed time: 0.021068 seconds (0d 0h 0m 0s)

---------------  T H R E A D  ---------------

Current thread (0x000002252306c0e0):  JavaThread "Unknown thread" [_thread_in_vm, id=19348, stack(0x000000a97e100000,0x000000a97e200000)]

Stack: [0x000000a97e100000,0x000000a97e200000]
Native frames: (J=compiled Java code, j=interpreted, Vv=VM code, C=native code)
V  [jvm.dll+0x646dfa]
V  [jvm.dll+0x7f82b4]
V  [jvm.dll+0x7f9a6e]
V  [jvm.dll+0x7fa0c3]
V  [jvm.dll+0x234b38]
V  [jvm.dll+0x643d3a]
V  [jvm.dll+0x638662]
V  [jvm.dll+0x2f2e79]
V  [jvm.dll+0x2f9fc6]
V  [jvm.dll+0x345b7a]
V  [jvm.dll+0x345dbf]
V  [jvm.dll+0x2c9628]
V  [jvm.dll+0x2ca5b9]
V  [jvm.dll+0x7cb981]
V  [jvm.dll+0x353061]
V  [jvm.dll+0x7abc8e]
V  [jvm.dll+0x3ce913]
V  [jvm.dll+0x3d0351]
C  [jli.dll+0x51af]
C  [ucrtbase.dll+0x21bb2]
C  [KERNEL32.DLL+0x17344]
C  [ntdll.dll+0x526b1]


---------------  P R O C E S S  ---------------

Threads class SMR info:
_java_thread_list=0x00007ffb1958c768, length=0, elements={
}

Java Threads: ( => current thread )

Other Threads:
  0x00000225252d6130 GCTaskThread "GC Thread#0" [stack: 0x000000a97e200000,0x000000a97e300000] [id=27944]
  0x00000225252e7e80 ConcurrentGCThread "G1 Main Marker" [stack: 0x000000a97e300000,0x000000a97e400000] [id=24548]
  0x00000225252e90d0 ConcurrentGCThread "G1 Conc#0" [stack: 0x000000a97e400000,0x000000a97e500000] [id=6376]

[error occurred during error reporting (printing all threads), id 0xc0000005, EXCEPTION_ACCESS_VIOLATION (0xc0000005) at pc=0x00007ffb18d7a7c7]

VM state: not at safepoint (not fully initialized)

VM Mutex/Monitor currently owned by a thread:  ([mutex/lock_event])
[0x000002252526c490] Heap_lock - owner thread: 0x000002252306c0e0

Heap address: 0x0000000702000000, size: 4064 MB, Compressed Oops mode: Zero based, Oop shift amount: 3

CDS archive(s) mapped at: [0x0000000000000000-0x0000000000000000-0x0000000000000000), size 0, SharedBaseAddress: 0x0000000800000000, ArchiveRelocationMode: 0.
Narrow klass base: 0x0000000000000000, Narrow klass shift: 0, Narrow klass range: 0x0

GC Precious Log:
<Empty>

Heap:
 garbage-first heap   total 0K, used 0K [0x0000000702000000, 0x0000000800000000)
  region size 2048K, 0 young (0K), 0 survivors (0K)

[error occurred during error reporting (printing heap information), id 0xc0000005, EXCEPTION_ACCESS_VIOLATION (0xc0000005) at pc=0x00007ffb1913e919]

GC Heap History (0 events):
No events

Deoptimization events (0 events):
No events

Classes unloaded (0 events):
No events

Classes redefined (0 events):
No events

Internal exceptions (0 events):
No events

VM Operations (0 events):
No events

Events (1 events):
Event: 0.010 Loaded shared library C:\Program Files\jdk-17.0.4\bin\java.dll


Dynamic libraries:
0x00007ff7c87d0000 - 0x00007ff7c87dd000 	C:\Program Files\jdk-17.0.4\bin\java.exe
0x00007ffb8d470000 - 0x00007ffb8d668000 	C:\WINDOWS\SYSTEM32\ntdll.dll
0x00007ffb8cd70000 - 0x00007ffb8ce2d000 	C:\WINDOWS\System32\KERNEL32.DLL
0x00007ffb8abd0000 - 0x00007ffb8aec6000 	C:\WINDOWS\System32\KERNELBASE.dll
0x00007ffb8af00000 - 0x00007ffb8b000000 	C:\WINDOWS\System32\ucrtbase.dll
0x00007ffb85750000 - 0x00007ffb85768000 	C:\Program Files\jdk-17.0.4\bin\jli.dll
0x00007ffb6bb90000 - 0x00007ffb6bba5000 	C:\Program Files\jdk-17.0.4\bin\VCRUNTIME140.dll
0x00007ffb8c450000 - 0x00007ffb8c5ee000 	C:\WINDOWS\System32\USER32.dll
0x00007ffb70540000 - 0x00007ffb707da000 	C:\WINDOWS\WinSxS\amd64_microsoft.windows.common-controls_6595b64144ccf1df_6.0.19041.3636_none_60b6a03d71f818d5\COMCTL32.dll
0x00007ffb8aed0000 - 0x00007ffb8aef2000 	C:\WINDOWS\System32\win32u.dll
0x00007ffb8c5f0000 - 0x00007ffb8c68e000 	C:\WINDOWS\System32\msvcrt.dll
0x00007ffb8cef0000 - 0x00007ffb8cf1b000 	C:\WINDOWS\System32\GDI32.dll
0x00007ffb8b120000 - 0x00007ffb8b237000 	C:\WINDOWS\System32\gdi32full.dll
0x00007ffb8ab30000 - 0x00007ffb8abcd000 	C:\WINDOWS\System32\msvcp_win.dll
0x00007ffb8cd10000 - 0x00007ffb8cd42000 	C:\WINDOWS\System32\IMM32.DLL
0x00007ffb5abb0000 - 0x00007ffb5ac4b000 	C:\Program Files\jdk-17.0.4\bin\msvcp140.dll
0x00007ffb18aa0000 - 0x00007ffb196bb000 	C:\Program Files\jdk-17.0.4\bin\server\jvm.dll
0x00007ffb8d030000 - 0x00007ffb8d0e3000 	C:\WINDOWS\System32\ADVAPI32.dll
0x00007ffb8cf20000 - 0x00007ffb8cfbf000 	C:\WINDOWS\System32\sechost.dll
0x00007ffb8d0f0000 - 0x00007ffb8d216000 	C:\WINDOWS\System32\RPCRT4.dll
0x00007ffb8ab00000 - 0x00007ffb8ab27000 	C:\WINDOWS\System32\bcrypt.dll
0x00007ffb8bf70000 - 0x00007ffb8bf78000 	C:\WINDOWS\System32\PSAPI.DLL
0x00007ffb6b3d0000 - 0x00007ffb6b3f7000 	C:\WINDOWS\SYSTEM32\WINMM.dll
0x00007ffb85d40000 - 0x00007ffb85d49000 	C:\WINDOWS\SYSTEM32\WSOCK32.dll
0x00007ffb89700000 - 0x00007ffb8970a000 	C:\WINDOWS\SYSTEM32\VERSION.dll
0x00007ffb8cfc0000 - 0x00007ffb8d02b000 	C:\WINDOWS\System32\WS2_32.dll
0x00007ffb89260000 - 0x00007ffb89272000 	C:\WINDOWS\SYSTEM32\kernel.appcore.dll
0x00007ffb857e0000 - 0x00007ffb857ea000 	C:\Program Files\jdk-17.0.4\bin\jimage.dll
0x00007ffb88390000 - 0x00007ffb88574000 	C:\WINDOWS\SYSTEM32\DBGHELP.DLL
0x00007ffb6afd0000 - 0x00007ffb6b004000 	C:\WINDOWS\SYSTEM32\dbgcore.DLL
0x00007ffb8b3f0000 - 0x00007ffb8b472000 	C:\WINDOWS\System32\bcryptPrimitives.dll
0x00007ffb61390000 - 0x00007ffb613c9000 	C:\Program Files\jdk-17.0.4\bin\jdwp.dll
0x00007ffb59a10000 - 0x00007ffb59a35000 	C:\Program Files\jdk-17.0.4\bin\java.dll

dbghelp: loaded successfully - version: 4.0.5 - missing functions: none
symbol engine: initialized successfully - sym options: 0x614 - pdb path: .;C:\Program Files\jdk-17.0.4\bin;C:\WINDOWS\SYSTEM32;C:\WINDOWS\WinSxS\amd64_microsoft.windows.common-controls_6595b64144ccf1df_6.0.19041.3636_none_60b6a03d71f818d5;C:\Program Files\jdk-17.0.4\bin\server

VM Arguments:
jvm_args: -agentlib:jdwp=transport=dt_socket,server=n,suspend=y,address=127.0.0.1:53991 -XX:TieredStopAtLevel=1 -Dfile.encoding=windows-1251 -Duser.country=RU -Duser.language=ru -Duser.variant 
java_command: com.github.gepi.libr.LibrApplication
java_class_path (initial): C:\user\pettository\libr\build\classes\java\main;C:\user\pettository\libr\build\resources\main;C:\Users\filippov_a\.gradle\caches\modules-2\files-2.1\io.jmix.core\jmix-core-starter\1.5.5\b57feb7657c2f8481ed63bb3709d5d866100fad6\jmix-core-starter-1.5.5.jar;C:\Users\filippov_a\.gradle\caches\modules-2\files-2.1\io.jmix.data\jmix-eclipselink-starter\1.5.5\9dc1830843da54ed5947dce1d7d432b2480a4356\jmix-eclipselink-starter-1.5.5.jar;C:\Users\filippov_a\.gradle\caches\modules-2\files-2.1\io.jmix.ui\jmix-ui-starter\1.5.5\42ac65b4fc9d3994b1ac974ededbc3c73e6d91f6\jmix-ui-starter-1.5.5.jar;C:\Users\filippov_a\.gradle\caches\modules-2\files-2.1\io.jmix.ui\jmix-ui-data-starter\1.5.5\6302d8777f69886c91fefa7086f2ede2de5259dc\jmix-ui-data-starter-1.5.5.jar;C:\Users\filippov_a\.gradle\caches\modules-2\files-2.1\io.jmix.ui\jmix-ui-themes-compiled\1.5.5\c7d78f6098ac33e865ab43c21fcb2f2b8d4cb28b\jmix-ui-themes-compiled-1.5.5.jar;C:\Users\filippov_a\.gradle\caches\modules-2\files-2.1\io.jmix.ui\jmix-ui-widgets-compiled\1.5.5\47fba707b6bfb2b25fd9765bd653acaa3f16f136\jmix-ui-widgets-compiled-1.5.5.jar;C:\Users\filippov_a\.gradle\caches\modules-2\files-2.1\io.jmix.security\jmix-security-starter\1.5.5\33e243b4561835d7dc0d9a9143980cb8621693cd\jmix-security-starter-1.5.5.jar;C:\Users\filippov_a\.gradle\caches\modules-2\files-2.1\io.jmix.security\jmix-security-ui-starter\1.5.5\1ddb3196be3a07e363dad651fbef065037e4dfc0\jmix-security-ui-starter-1.5.5.jar;C:\Users\filippov_a\.gradle\caches\modules-2\files-2.1\io.jmix.security\jmix-security-data-starter\1.5.5\ecd08583a03997dd7c831ea6b6b7c04f38d711e9\jmix-security-data-starter-1.5.5.jar;C:\Users\filippov_a\.gradle\caches\modules-2\files-2.1\io.jmix.localfs\jmix-localfs-starter\1.5.5\8f720559691697ac6963da131dc09e57984b5873\jmix-localfs-starter-1.5.5.jar;C:\Users\filippov_a\.gradle\caches\modules-2\files-2.1\io.jmix.datatools\jmix-datatools-starter\1.5.5\a3c0e600175455664d63a60b0c48b0b56ed9053c\jmix-datatools-starter-1.5.5
Launcher Type: SUN_STANDARD

[Global flags]
     intx CICompilerCount                          = 4                                         {product} {ergonomic}
     uint ConcGCThreads                            = 2                                         {product} {ergonomic}
     uint G1ConcRefinementThreads                  = 8                                         {product} {ergonomic}
   size_t G1HeapRegionSize                         = 2097152                                   {product} {ergonomic}
    uintx GCDrainStackTargetSize                   = 64                                        {product} {ergonomic}
   size_t InitialHeapSize                          = 266338304                                 {product} {ergonomic}
   size_t MarkStackSize                            = 4194304                                   {product} {ergonomic}
   size_t MaxHeapSize                              = 4261412864                                {product} {ergonomic}
   size_t MinHeapDeltaBytes                        = 2097152                                   {product} {ergonomic}
   size_t MinHeapSize                              = 8388608                                   {product} {ergonomic}
    uintx NonProfiledCodeHeapSize                  = 0                                      {pd product} {ergonomic}
     bool ProfileInterpreter                       = false                                  {pd product} {command line}
    uintx ProfiledCodeHeapSize                     = 0                                      {pd product} {ergonomic}
   size_t SoftMaxHeapSize                          = 4261412864                             {manageable} {ergonomic}
     intx TieredStopAtLevel                        = 1                                         {product} {command line}
     bool UseCompressedClassPointers               = true                           {product lp64_product} {ergonomic}
     bool UseCompressedOops                        = true                           {product lp64_product} {ergonomic}
     bool UseG1GC                                  = true                                      {product} {ergonomic}
     bool UseLargePagesIndividualAllocation        = false                                  {pd product} {ergonomic}

Logging:
Log output configuration:
 #0: stdout all=warning uptime,level,tags
 #1: stderr all=off uptime,level,tags

Environment Variables:
JAVA_HOME=C:\Program Files\jdk-17.0.4
PATH=C:\Python39\Scripts\;C:\Python39\;C:\WINDOWS\system32;C:\WINDOWS;C:\WINDOWS\System32\Wbem;C:\WINDOWS\System32\WindowsPowerShell\v1.0\;C:\WINDOWS\System32\OpenSSH\;C:\Program Files (x86)\Intel\Intel(R) Management Engine Components\DAL;C:\Program Files\Intel\Intel(R) Management Engine Components\DAL;C:\Program Files (x86)\Common Files\Acronis\SnapAPI\;C:\Program Files\dotnet\;C:\Program Files\nodejs\;C:\ProgramData\chocolatey\bin;C:\Program Files\Inkscape\bin;C:\Program Files\Git\cmd;C:\Program Files (x86)\PDFtk\bin\;C:\Program Files\jdk-17.0.4\BIN\;C:\Program Files\jdk-common-libs\;C:\user\utils\apache-maven-3.9.5\\bin;C:\Program Files\Docker\Docker\resources\bin;C:\Users\filippov_a\AppData\Local\Microsoft\WindowsApps;C:\Program Files\JetBrains\IntelliJ IDEA 2023.2.2\bin;;C:\user\utils\apache-maven-3.9.5\bin;C:\Program Files\Notepad++;
USERNAME=Filippov_A
OS=Windows_NT
PROCESSOR_IDENTIFIER=Intel64 Family 6 Model 142 Stepping 12, GenuineIntel
TMP=C:\Users\FILIPP~1\AppData\Local\Temp
TEMP=C:\Users\FILIPP~1\AppData\Local\Temp



---------------  S Y S T E M  ---------------

OS:
 Windows 10 , 64 bit Build 19041 (10.0.19041.3636)
OS uptime: 6 days 3:53 hours
Hyper-V role detected

CPU: total 8 (initial active 8) (4 cores per cpu, 2 threads per core) family 6 model 142 stepping 12 microcode 0xf0, cx8, cmov, fxsr, ht, mmx, 3dnowpref, sse, sse2, sse3, ssse3, sse4.1, sse4.2, popcnt, lzcnt, tsc, tscinvbit, avx, avx2, aes, erms, clmul, bmi1, bmi2, adx, fma, vzeroupper, clflush, clflushopt, hv

Memory: 4k page, system-wide physical 16254M (942M free)
TotalPageFile size 46643M (AvailPageFile size 229M)
current process WorkingSet (physical memory assigned to process): 11M, peak: 11M
current process commit charge ("private bytes"): 55M, peak: 309M

vm_info: OpenJDK 64-Bit Server VM (17.0.4+8-LTS) for windows-amd64 JRE (17.0.4+8-LTS), built on Jul 15 2022 20:53:04 by "" with MS VC++ 15.9 (VS2017)

END.
